#
# A fatal error has been detected by the Java Runtime Environment:
#
#  EXCEPTION_ACCESS_VIOLATION (0xc0000005) at pc=0x00007ffd2a140b3c, pid=14860, tid=1400
#
# JRE version: OpenJDK Runtime Environment (16.0.2+7) (build 16.0.2+7-67)
# Java VM: OpenJDK 64-Bit Server VM (16.0.2+7-67, mixed mode, tiered, compressed oops, compressed class ptrs, g1 gc, windows-amd64)
# Problematic frame:
# V  [jvm.dll+0x620b3c]
#
# No core dump will be written. Minidumps are not enabled by default on client versions of Windows
#
# If you would like to submit a bug report, please visit:
#   https://bugreport.java.com/bugreport/crash.jsp
#

---------------  S U M M A R Y ------------

Command Line: -XX:+ShowCodeDetailsInExceptionMessages -agentlib:jdwp=transport=dt_socket,suspend=y,address=localhost:52128 -javaagent:C:\Users\anubh\eclipse\java-2021-06\eclipse\configuration\org.eclipse.osgi\222\0\.cp\lib\javaagent-shaded.jar -Dfile.encoding=Cp1252 lab8.ExpressionTree

Host: 11th Gen Intel(R) Core(TM) i5-1135G7 @ 2.40GHz, 8 cores, 31G,  Windows 10 , 64 bit Build 19041 (10.0.19041.1202)
Time: Tue Nov  9 14:17:47 2021 Eastern Standard Time elapsed time: 1328.964857 seconds (0d 0h 22m 8s)

---------------  T H R E A D  ---------------

Current thread (0x0000029bdbc6b6c0):  VMThread "VM Thread" [stack: 0x000000eb13600000,0x000000eb13700000] [id=1400]

Stack: [0x000000eb13600000,0x000000eb13700000],  sp=0x000000eb136fef70,  free space=1019k
Native frames: (J=compiled Java code, j=interpreted, Vv=VM code, C=native code)
V  [jvm.dll+0x620b3c]
V  [jvm.dll+0x6210f7]
V  [jvm.dll+0x525291]
V  [jvm.dll+0x1f3bfb]
V  [jvm.dll+0x1f5e67]
V  [jvm.dll+0x52575a]
V  [jvm.dll+0x7d00ab]
V  [jvm.dll+0x7d0da4]
V  [jvm.dll+0x7d12a9]
V  [jvm.dll+0x7d1564]
V  [jvm.dll+0x7d1630]
V  [jvm.dll+0x7795aa]
V  [jvm.dll+0x667066]
C  [ucrtbase.dll+0x21bb2]
C  [KERNEL32.DLL+0x17034]
C  [ntdll.dll+0x52651]


siginfo: EXCEPTION_ACCESS_VIOLATION (0xc0000005), reading address 0x00000000002d0138


Register to memory mapping:

RIP=0x00007ffd2a140b3c jvm.dll
RAX=0x00007ffd2a44bf00 jvm.dll
RBX=0x0000029bdb27e280 points into unknown readable memory: 0x4001021d00000002 | 02 00 00 00 1d 02 01 40
RCX=0x00000000002d0000 is an unknown value
RDX=0x000000eb136ff008 points into unknown readable memory: 0x00007ffd2a44bf00 | 00 bf 44 2a fd 7f 00 00
RSP=0x000000eb136fef70 points into unknown readable memory: 0x000000eb136ff090 | 90 f0 6f 13 eb 00 00 00
RBP=0x0000029bdbc20390 points into unknown readable memory: 0x0000029bdbc203b0 | b0 03 c2 db 9b 02 00 00
RSI=0x00000000002d0000 is an unknown value
RDI=0x0000029bdbc20210 points into unknown readable memory: 0x0000000000000000 | 00 00 00 00 00 00 00 00
R8 =0x0000029bdb27dd40 points into unknown readable memory: 0x7600077200000002 | 02 00 00 00 72 07 00 76
R9 =0x0 is NULL
R10=0x00000008000c72a8 is pointing into metadata
R11=0x000000eb136ff098 points into unknown readable memory: 0x00007ffd29d13bfb | fb 3b d1 29 fd 7f 00 00
R12=0x00007ffd2a3c3010 jvm.dll
R13=0x00007ffd2a630980 jvm.dll
R14=0x0000029bdbc205f8 points into unknown readable memory: 0x100304dbbcb3bf75 | 75 bf b3 bc db 04 03 10
R15=0x00000000000003d8 is an unknown value


Registers:
RAX=0x00007ffd2a44bf00, RBX=0x0000029bdb27e280, RCX=0x00000000002d0000, RDX=0x000000eb136ff008
RSP=0x000000eb136fef70, RBP=0x0000029bdbc20390, RSI=0x00000000002d0000, RDI=0x0000029bdbc20210
R8 =0x0000029bdb27dd40, R9 =0x0000000000000000, R10=0x00000008000c72a8, R11=0x000000eb136ff098
R12=0x00007ffd2a3c3010, R13=0x00007ffd2a630980, R14=0x0000029bdbc205f8, R15=0x00000000000003d8
RIP=0x00007ffd2a140b3c, EFLAGS=0x0000000000010202

Top of Stack: (sp=0x000000eb136fef70)
0x000000eb136fef70:   000000eb136ff090 000000eb136ff080
0x000000eb136fef80:   0000000000000000 0000029bb6e88bd8
0x000000eb136fef90:   00000000000003d8 0000029bdbc205f8
0x000000eb136fefa0:   00000000002d0000 0000029bdbc20390
0x000000eb136fefb0:   0000029bdb27e280 00007ffd2a1410f7
0x000000eb136fefc0:   0000029bdbc205f8 0000029bdbc20390
0x000000eb136fefd0:   00007ffd2a630980 00000000000003d8
0x000000eb136fefe0:   00000000000003d8 0000000000000000
0x000000eb136feff0:   0000000000000005 00007ffd2a045291
0x000000eb136ff000:   0000029bdd03b7a8 00007ffd2a44bf00
0x000000eb136ff010:   000000eb136ff180 00000008000c6eb0
0x000000eb136ff020:   00000008000c70b8 0000000000000000
0x000000eb136ff030:   00007ffd00000000 0000029bdbc6b6c0
0x000000eb136ff040:   0000029bdb27dd40 0000029bdbc6b9c0
0x000000eb136ff050:   0000029bdbc6b9e8 0000029bdbc6baa8
0x000000eb136ff060:   00000000000000d8 000000eb136ff100 

Instructions: (pc=0x00007ffd2a140b3c)
0x00007ffd2a140a3c:   99 41 89 49 18 2b c2 49 c7 41 10 00 00 00 00 d1
0x00007ffd2a140a4c:   f8 41 89 41 20 8b 05 c1 1a 45 00 8d 14 00 8d 42
0x00007ffd2a140a5c:   02 48 63 c8 8b 44 cb 08 8d 4a 02 03 c8 4d 89 49
0x00007ffd2a140a6c:   10 41 89 49 30 49 8b c9 4d 89 49 28 49 8b 01 48
0x00007ffd2a140a7c:   83 c4 20 5b 48 ff 20 45 33 c9 41 8b c9 49 8b 01
0x00007ffd2a140a8c:   48 83 c4 20 5b 48 ff 20 33 d2 8d 4a 28 e8 d2 e1
0x00007ffd2a140a9c:   09 00 48 8b c8 48 85 c0 0f 84 c9 fe ff ff 48 89
0x00007ffd2a140aac:   58 08 48 8d 05 eb 05 29 00 48 89 01 48 8b 43 08
0x00007ffd2a140abc:   99 c7 41 18 01 00 00 00 2b c2 48 89 49 10 d1 f8
0x00007ffd2a140acc:   89 41 20 48 8b 01 48 83 c4 20 5b 48 ff 20 ba 53
0x00007ffd2a140adc:   04 00 00 48 8d 0d 42 b0 30 00 e8 f5 1f c2 ff e8
0x00007ffd2a140aec:   50 72 04 00 33 c0 48 83 c4 20 5b c3 f0 0a 62 00
0x00007ffd2a140afc:   0c 09 62 00 17 09 62 00 22 09 62 00 22 09 62 00
0x00007ffd2a140b0c:   35 09 62 00 40 09 62 00 4b 09 62 00 80 09 62 00
0x00007ffd2a140b1c:   ab 09 62 00 02 0a 62 00 94 0a 62 00 0c 09 62 00
0x00007ffd2a140b2c:   cc cc cc cc 40 53 55 56 41 56 41 57 48 83 ec 20
0x00007ffd2a140b3c:   48 63 81 38 01 00 00 48 8d 99 40 01 00 00 48 03
0x00007ffd2a140b4c:   d8 4c 8b f2 e8 0b e8 ba ff 45 33 ff 48 8b e8 41
0x00007ffd2a140b5c:   8b f7 48 3b d8 0f 83 b5 01 00 00 48 89 7c 24 58
0x00007ffd2a140b6c:   4c 89 64 24 60 4c 8d 25 10 15 2a 00 0f 1f 84 00
0x00007ffd2a140b7c:   00 00 00 00 44 0f b6 0b 48 63 fe 41 8b c9 45 85
0x00007ffd2a140b8c:   c9 0f 84 52 01 00 00 83 e9 01 0f 84 d6 00 00 00
0x00007ffd2a140b9c:   83 e9 08 0f 84 40 01 00 00 83 f9 04 74 22 4c 8d
0x00007ffd2a140bac:   05 5f af 30 00 ba 01 07 00 00 48 8d 0d 6b af 30
0x00007ffd2a140bbc:   00 e8 6e 1d c2 ff e8 79 71 04 00 e9 d4 00 00 00
0x00007ffd2a140bcc:   33 d2 8d 4a 10 e8 9a e0 09 00 48 85 c0 74 09 48
0x00007ffd2a140bdc:   89 58 08 4c 89 20 eb 03 49 8b c7 48 8b 40 08 49
0x00007ffd2a140bec:   8b ce 4d 8b 06 48 8b 50 08 41 ff 10 84 c0 75 40
0x00007ffd2a140bfc:   0f b6 03 3c 01 76 30 3c 0d 75 0c b8 02 00 00 00
0x00007ffd2a140c0c:   03 f0 e9 8d 00 00 00 44 8b c8 4c 8d 05 f3 ae 30
0x00007ffd2a140c1c:   00 ba 73 05 00 00 48 8d 0d ff ae 30 00 e8 02 1d
0x00007ffd2a140c2c:   c2 ff e8 0d 71 04 00 b8 01 00 00 00 03 f0 eb 64 


Stack slot to memory mapping:
stack at sp + 0 slots: 0x000000eb136ff090 points into unknown readable memory: 0x000000eb136ff180 | 80 f1 6f 13 eb 00 00 00
stack at sp + 1 slots: 0x000000eb136ff080 points into unknown readable memory: 0x00007ffd2a3c3010 | 10 30 3c 2a fd 7f 00 00
stack at sp + 2 slots: 0x0 is NULL
stack at sp + 3 slots: 0x0000029bb6e88bd8 is at entry_point+-8 in (nmethod*)0x0000029bb6e88a10
stack at sp + 4 slots: 0x00000000000003d8 is an unknown value
stack at sp + 5 slots: 0x0000029bdbc205f8 points into unknown readable memory: 0x100304dbbcb3bf75 | 75 bf b3 bc db 04 03 10
stack at sp + 6 slots: 0x00000000002d0000 is an unknown value
stack at sp + 7 slots: 0x0000029bdbc20390 points into unknown readable memory: 0x696c63652e67726f | 6f 72 67 2e 65 63 6c 69

VM_Operation (0x000000eb141fef60): RedefineClasses, mode: safepoint, requested by thread 0x0000029bdbf42390, redefining class lab8.ExpressionTree



---------------  P R O C E S S  ---------------

Threads class SMR info:
_java_thread_list=0x0000029bdc5441f0, length=15, elements={
0x0000029bb32db3d0, 0x0000029bdbc7aeb0, 0x0000029bdbc7bab0, 0x0000029bdbcd1200,
0x0000029bdbcd1e00, 0x0000029bdbcd4810, 0x0000029bdbcd5210, 0x0000029bdbcd94f0,
0x0000029bdbce1ff0, 0x0000029bdbce2640, 0x0000029bdb26d000, 0x0000029bdbf42390,
0x0000029bdbf5f5d0, 0x0000029bdbf608d0, 0x0000029bdc4f0240
}

Java Threads: ( => current thread )
  0x0000029bb32db3d0 JavaThread "main" [_thread_blocked, id=9532, stack(0x000000eb13000000,0x000000eb13100000)]
  0x0000029bdbc7aeb0 JavaThread "Reference Handler" daemon [_thread_blocked, id=4228, stack(0x000000eb13700000,0x000000eb13800000)]
  0x0000029bdbc7bab0 JavaThread "Finalizer" daemon [_thread_blocked, id=16128, stack(0x000000eb13800000,0x000000eb13900000)]
  0x0000029bdbcd1200 JavaThread "Signal Dispatcher" daemon [_thread_blocked, id=9528, stack(0x000000eb13900000,0x000000eb13a00000)]
  0x0000029bdbcd1e00 JavaThread "Attach Listener" daemon [_thread_blocked, id=15268, stack(0x000000eb13a00000,0x000000eb13b00000)]
  0x0000029bdbcd4810 JavaThread "Service Thread" daemon [_thread_blocked, id=26268, stack(0x000000eb13b00000,0x000000eb13c00000)]
  0x0000029bdbcd5210 JavaThread "Monitor Deflation Thread" daemon [_thread_blocked, id=14316, stack(0x000000eb13c00000,0x000000eb13d00000)]
  0x0000029bdbcd94f0 JavaThread "C2 CompilerThread0" daemon [_thread_blocked, id=20732, stack(0x000000eb13d00000,0x000000eb13e00000)]
  0x0000029bdbce1ff0 JavaThread "C1 CompilerThread0" daemon [_thread_blocked, id=26180, stack(0x000000eb13e00000,0x000000eb13f00000)]
  0x0000029bdbce2640 JavaThread "Sweeper thread" daemon [_thread_blocked, id=15580, stack(0x000000eb13f00000,0x000000eb14000000)]
  0x0000029bdb26d000 JavaThread "Common-Cleaner" daemon [_thread_blocked, id=28456, stack(0x000000eb14000000,0x000000eb14100000)]
  0x0000029bdbf42390 JavaThread "JDWP Transport Listener: dt_socket" daemon [_thread_blocked, id=23092, stack(0x000000eb14100000,0x000000eb14200000)]
  0x0000029bdbf5f5d0 JavaThread "JDWP Event Helper Thread" daemon [_thread_blocked, id=3124, stack(0x000000eb14200000,0x000000eb14300000)]
  0x0000029bdbf608d0 JavaThread "JDWP Command Reader" daemon [_thread_in_native, id=22184, stack(0x000000eb14300000,0x000000eb14400000)]
  0x0000029bdc4f0240 JavaThread "Notification Thread" daemon [_thread_blocked, id=29392, stack(0x000000eb14400000,0x000000eb14500000)]

Other Threads:
=>0x0000029bdbc6b6c0 VMThread "VM Thread" [stack: 0x000000eb13600000,0x000000eb13700000] [id=1400]
  0x0000029bb32dc470 WatcherThread [stack: 0x000000eb14500000,0x000000eb14600000] [id=26772]
  0x0000029bb334f270 GCTaskThread "GC Thread#0" [stack: 0x000000eb13100000,0x000000eb13200000] [id=12112]
  0x0000029bb3361930 ConcurrentGCThread "G1 Main Marker" [stack: 0x000000eb13200000,0x000000eb13300000] [id=29264]
  0x0000029bb3362420 ConcurrentGCThread "G1 Conc#0" [stack: 0x000000eb13300000,0x000000eb13400000] [id=30988]
  0x0000029bb33b0a90 ConcurrentGCThread "G1 Refine#0" [stack: 0x000000eb13400000,0x000000eb13500000] [id=30168]
  0x0000029bdb1465d0 ConcurrentGCThread "G1 Service" [stack: 0x000000eb13500000,0x000000eb13600000] [id=14616]

Threads with active compile tasks:

VM state: at safepoint (normal execution)

VM Mutex/Monitor currently owned by a thread:  ([mutex/lock_event])
[0x0000029bb32d6a70] Threads_lock - owner thread: 0x0000029bdbc6b6c0

Heap address: 0x0000000604400000, size: 8124 MB, Compressed Oops mode: Zero based, Oop shift amount: 3

CDS disabled.
Compressed class space mapped at: 0x0000000800000000-0x0000000840000000, reserved size: 1073741824
Narrow klass base: 0x0000000800000000, Narrow klass shift: 0, Narrow klass range: 0x40000000

GC Precious Log:
 CPUs: 8 total, 8 available
 Memory: 32490M
 Large Page Support: Disabled
 NUMA Support: Disabled
 Compressed Oops: Enabled (Zero based)
 Heap Region Size: 4M
 Heap Min Capacity: 8M
 Heap Initial Capacity: 508M
 Heap Max Capacity: 8124M
 Pre-touch: Disabled
 Parallel Workers: 8
 Concurrent Workers: 2
 Concurrent Refinement Workers: 8
 Periodic GC: Disabled

Heap:
 garbage-first heap   total 520192K, used 4096K [0x0000000604400000, 0x0000000800000000)
  region size 4096K, 2 young (8192K), 0 survivors (0K)
 Metaspace       used 9201K, committed 9344K, reserved 1064960K
  class space    used 783K, committed 832K, reserved 1048576K

Heap Regions: E=young(eden), S=young(survivor), O=old, HS=humongous(starts), HC=humongous(continues), CS=collection set, F=free, OA=open archive, CA=closed archive, TAMS=top-at-mark-start (previous, next)
|   0|0x0000000604400000, 0x0000000604400000, 0x0000000604800000|  0%| F|  |TAMS 0x0000000604400000, 0x0000000604400000| Untracked 
|   1|0x0000000604800000, 0x0000000604800000, 0x0000000604c00000|  0%| F|  |TAMS 0x0000000604800000, 0x0000000604800000| Untracked 
|   2|0x0000000604c00000, 0x0000000604c00000, 0x0000000605000000|  0%| F|  |TAMS 0x0000000604c00000, 0x0000000604c00000| Untracked 
|   3|0x0000000605000000, 0x0000000605000000, 0x0000000605400000|  0%| F|  |TAMS 0x0000000605000000, 0x0000000605000000| Untracked 
|   4|0x0000000605400000, 0x0000000605400000, 0x0000000605800000|  0%| F|  |TAMS 0x0000000605400000, 0x0000000605400000| Untracked 
|   5|0x0000000605800000, 0x0000000605800000, 0x0000000605c00000|  0%| F|  |TAMS 0x0000000605800000, 0x0000000605800000| Untracked 
|   6|0x0000000605c00000, 0x0000000605c00000, 0x0000000606000000|  0%| F|  |TAMS 0x0000000605c00000, 0x0000000605c00000| Untracked 
|   7|0x0000000606000000, 0x0000000606000000, 0x0000000606400000|  0%| F|  |TAMS 0x0000000606000000, 0x0000000606000000| Untracked 
|   8|0x0000000606400000, 0x0000000606400000, 0x0000000606800000|  0%| F|  |TAMS 0x0000000606400000, 0x0000000606400000| Untracked 
|   9|0x0000000606800000, 0x0000000606800000, 0x0000000606c00000|  0%| F|  |TAMS 0x0000000606800000, 0x0000000606800000| Untracked 
|  10|0x0000000606c00000, 0x0000000606c00000, 0x0000000607000000|  0%| F|  |TAMS 0x0000000606c00000, 0x0000000606c00000| Untracked 
|  11|0x0000000607000000, 0x0000000607000000, 0x0000000607400000|  0%| F|  |TAMS 0x0000000607000000, 0x0000000607000000| Untracked 
|  12|0x0000000607400000, 0x0000000607400000, 0x0000000607800000|  0%| F|  |TAMS 0x0000000607400000, 0x0000000607400000| Untracked 
|  13|0x0000000607800000, 0x0000000607800000, 0x0000000607c00000|  0%| F|  |TAMS 0x0000000607800000, 0x0000000607800000| Untracked 
|  14|0x0000000607c00000, 0x0000000607c00000, 0x0000000608000000|  0%| F|  |TAMS 0x0000000607c00000, 0x0000000607c00000| Untracked 
|  15|0x0000000608000000, 0x0000000608000000, 0x0000000608400000|  0%| F|  |TAMS 0x0000000608000000, 0x0000000608000000| Untracked 
|  16|0x0000000608400000, 0x0000000608400000, 0x0000000608800000|  0%| F|  |TAMS 0x0000000608400000, 0x0000000608400000| Untracked 
|  17|0x0000000608800000, 0x0000000608800000, 0x0000000608c00000|  0%| F|  |TAMS 0x0000000608800000, 0x0000000608800000| Untracked 
|  18|0x0000000608c00000, 0x0000000608c00000, 0x0000000609000000|  0%| F|  |TAMS 0x0000000608c00000, 0x0000000608c00000| Untracked 
|  19|0x0000000609000000, 0x0000000609000000, 0x0000000609400000|  0%| F|  |TAMS 0x0000000609000000, 0x0000000609000000| Untracked 
|  20|0x0000000609400000, 0x0000000609400000, 0x0000000609800000|  0%| F|  |TAMS 0x0000000609400000, 0x0000000609400000| Untracked 
|  21|0x0000000609800000, 0x0000000609800000, 0x0000000609c00000|  0%| F|  |TAMS 0x0000000609800000, 0x0000000609800000| Untracked 
|  22|0x0000000609c00000, 0x0000000609c00000, 0x000000060a000000|  0%| F|  |TAMS 0x0000000609c00000, 0x0000000609c00000| Untracked 
|  23|0x000000060a000000, 0x000000060a000000, 0x000000060a400000|  0%| F|  |TAMS 0x000000060a000000, 0x000000060a000000| Untracked 
|  24|0x000000060a400000, 0x000000060a400000, 0x000000060a800000|  0%| F|  |TAMS 0x000000060a400000, 0x000000060a400000| Untracked 
|  25|0x000000060a800000, 0x000000060a800000, 0x000000060ac00000|  0%| F|  |TAMS 0x000000060a800000, 0x000000060a800000| Untracked 
|  26|0x000000060ac00000, 0x000000060ac00000, 0x000000060b000000|  0%| F|  |TAMS 0x000000060ac00000, 0x000000060ac00000| Untracked 
|  27|0x000000060b000000, 0x000000060b000000, 0x000000060b400000|  0%| F|  |TAMS 0x000000060b000000, 0x000000060b000000| Untracked 
|  28|0x000000060b400000, 0x000000060b400000, 0x000000060b800000|  0%| F|  |TAMS 0x000000060b400000, 0x000000060b400000| Untracked 
|  29|0x000000060b800000, 0x000000060b800000, 0x000000060bc00000|  0%| F|  |TAMS 0x000000060b800000, 0x000000060b800000| Untracked 
|  30|0x000000060bc00000, 0x000000060bc00000, 0x000000060c000000|  0%| F|  |TAMS 0x000000060bc00000, 0x000000060bc00000| Untracked 
|  31|0x000000060c000000, 0x000000060c000000, 0x000000060c400000|  0%| F|  |TAMS 0x000000060c000000, 0x000000060c000000| Untracked 
|  32|0x000000060c400000, 0x000000060c400000, 0x000000060c800000|  0%| F|  |TAMS 0x000000060c400000, 0x000000060c400000| Untracked 
|  33|0x000000060c800000, 0x000000060c800000, 0x000000060cc00000|  0%| F|  |TAMS 0x000000060c800000, 0x000000060c800000| Untracked 
|  34|0x000000060cc00000, 0x000000060cc00000, 0x000000060d000000|  0%| F|  |TAMS 0x000000060cc00000, 0x000000060cc00000| Untracked 
|  35|0x000000060d000000, 0x000000060d000000, 0x000000060d400000|  0%| F|  |TAMS 0x000000060d000000, 0x000000060d000000| Untracked 
|  36|0x000000060d400000, 0x000000060d400000, 0x000000060d800000|  0%| F|  |TAMS 0x000000060d400000, 0x000000060d400000| Untracked 
|  37|0x000000060d800000, 0x000000060d800000, 0x000000060dc00000|  0%| F|  |TAMS 0x000000060d800000, 0x000000060d800000| Untracked 
|  38|0x000000060dc00000, 0x000000060dc00000, 0x000000060e000000|  0%| F|  |TAMS 0x000000060dc00000, 0x000000060dc00000| Untracked 
|  39|0x000000060e000000, 0x000000060e000000, 0x000000060e400000|  0%| F|  |TAMS 0x000000060e000000, 0x000000060e000000| Untracked 
|  40|0x000000060e400000, 0x000000060e400000, 0x000000060e800000|  0%| F|  |TAMS 0x000000060e400000, 0x000000060e400000| Untracked 
|  41|0x000000060e800000, 0x000000060e800000, 0x000000060ec00000|  0%| F|  |TAMS 0x000000060e800000, 0x000000060e800000| Untracked 
|  42|0x000000060ec00000, 0x000000060ec00000, 0x000000060f000000|  0%| F|  |TAMS 0x000000060ec00000, 0x000000060ec00000| Untracked 
|  43|0x000000060f000000, 0x000000060f000000, 0x000000060f400000|  0%| F|  |TAMS 0x000000060f000000, 0x000000060f000000| Untracked 
|  44|0x000000060f400000, 0x000000060f400000, 0x000000060f800000|  0%| F|  |TAMS 0x000000060f400000, 0x000000060f400000| Untracked 
|  45|0x000000060f800000, 0x000000060f800000, 0x000000060fc00000|  0%| F|  |TAMS 0x000000060f800000, 0x000000060f800000| Untracked 
|  46|0x000000060fc00000, 0x000000060fc00000, 0x0000000610000000|  0%| F|  |TAMS 0x000000060fc00000, 0x000000060fc00000| Untracked 
|  47|0x0000000610000000, 0x0000000610000000, 0x0000000610400000|  0%| F|  |TAMS 0x0000000610000000, 0x0000000610000000| Untracked 
|  48|0x0000000610400000, 0x0000000610400000, 0x0000000610800000|  0%| F|  |TAMS 0x0000000610400000, 0x0000000610400000| Untracked 
|  49|0x0000000610800000, 0x0000000610800000, 0x0000000610c00000|  0%| F|  |TAMS 0x0000000610800000, 0x0000000610800000| Untracked 
|  50|0x0000000610c00000, 0x0000000610c00000, 0x0000000611000000|  0%| F|  |TAMS 0x0000000610c00000, 0x0000000610c00000| Untracked 
|  51|0x0000000611000000, 0x0000000611000000, 0x0000000611400000|  0%| F|  |TAMS 0x0000000611000000, 0x0000000611000000| Untracked 
|  52|0x0000000611400000, 0x0000000611400000, 0x0000000611800000|  0%| F|  |TAMS 0x0000000611400000, 0x0000000611400000| Untracked 
|  53|0x0000000611800000, 0x0000000611800000, 0x0000000611c00000|  0%| F|  |TAMS 0x0000000611800000, 0x0000000611800000| Untracked 
|  54|0x0000000611c00000, 0x0000000611c00000, 0x0000000612000000|  0%| F|  |TAMS 0x0000000611c00000, 0x0000000611c00000| Untracked 
|  55|0x0000000612000000, 0x0000000612000000, 0x0000000612400000|  0%| F|  |TAMS 0x0000000612000000, 0x0000000612000000| Untracked 
|  56|0x0000000612400000, 0x0000000612400000, 0x0000000612800000|  0%| F|  |TAMS 0x0000000612400000, 0x0000000612400000| Untracked 
|  57|0x0000000612800000, 0x0000000612800000, 0x0000000612c00000|  0%| F|  |TAMS 0x0000000612800000, 0x0000000612800000| Untracked 
|  58|0x0000000612c00000, 0x0000000612c00000, 0x0000000613000000|  0%| F|  |TAMS 0x0000000612c00000, 0x0000000612c00000| Untracked 
|  59|0x0000000613000000, 0x0000000613000000, 0x0000000613400000|  0%| F|  |TAMS 0x0000000613000000, 0x0000000613000000| Untracked 
|  60|0x0000000613400000, 0x0000000613400000, 0x0000000613800000|  0%| F|  |TAMS 0x0000000613400000, 0x0000000613400000| Untracked 
|  61|0x0000000613800000, 0x0000000613800000, 0x0000000613c00000|  0%| F|  |TAMS 0x0000000613800000, 0x0000000613800000| Untracked 
|  62|0x0000000613c00000, 0x0000000613c00000, 0x0000000614000000|  0%| F|  |TAMS 0x0000000613c00000, 0x0000000613c00000| Untracked 
|  63|0x0000000614000000, 0x0000000614000000, 0x0000000614400000|  0%| F|  |TAMS 0x0000000614000000, 0x0000000614000000| Untracked 
|  64|0x0000000614400000, 0x0000000614400000, 0x0000000614800000|  0%| F|  |TAMS 0x0000000614400000, 0x0000000614400000| Untracked 
|  65|0x0000000614800000, 0x0000000614800000, 0x0000000614c00000|  0%| F|  |TAMS 0x0000000614800000, 0x0000000614800000| Untracked 
|  66|0x0000000614c00000, 0x0000000614c00000, 0x0000000615000000|  0%| F|  |TAMS 0x0000000614c00000, 0x0000000614c00000| Untracked 
|  67|0x0000000615000000, 0x0000000615000000, 0x0000000615400000|  0%| F|  |TAMS 0x0000000615000000, 0x0000000615000000| Untracked 
|  68|0x0000000615400000, 0x0000000615400000, 0x0000000615800000|  0%| F|  |TAMS 0x0000000615400000, 0x0000000615400000| Untracked 
|  69|0x0000000615800000, 0x0000000615800000, 0x0000000615c00000|  0%| F|  |TAMS 0x0000000615800000, 0x0000000615800000| Untracked 
|  70|0x0000000615c00000, 0x0000000615c00000, 0x0000000616000000|  0%| F|  |TAMS 0x0000000615c00000, 0x0000000615c00000| Untracked 
|  71|0x0000000616000000, 0x0000000616000000, 0x0000000616400000|  0%| F|  |TAMS 0x0000000616000000, 0x0000000616000000| Untracked 
|  72|0x0000000616400000, 0x0000000616400000, 0x0000000616800000|  0%| F|  |TAMS 0x0000000616400000, 0x0000000616400000| Untracked 
|  73|0x0000000616800000, 0x0000000616800000, 0x0000000616c00000|  0%| F|  |TAMS 0x0000000616800000, 0x0000000616800000| Untracked 
|  74|0x0000000616c00000, 0x0000000616c00000, 0x0000000617000000|  0%| F|  |TAMS 0x0000000616c00000, 0x0000000616c00000| Untracked 
|  75|0x0000000617000000, 0x0000000617000000, 0x0000000617400000|  0%| F|  |TAMS 0x0000000617000000, 0x0000000617000000| Untracked 
|  76|0x0000000617400000, 0x0000000617400000, 0x0000000617800000|  0%| F|  |TAMS 0x0000000617400000, 0x0000000617400000| Untracked 
|  77|0x0000000617800000, 0x0000000617800000, 0x0000000617c00000|  0%| F|  |TAMS 0x0000000617800000, 0x0000000617800000| Untracked 
|  78|0x0000000617c00000, 0x0000000617c00000, 0x0000000618000000|  0%| F|  |TAMS 0x0000000617c00000, 0x0000000617c00000| Untracked 
|  79|0x0000000618000000, 0x0000000618000000, 0x0000000618400000|  0%| F|  |TAMS 0x0000000618000000, 0x0000000618000000| Untracked 
|  80|0x0000000618400000, 0x0000000618400000, 0x0000000618800000|  0%| F|  |TAMS 0x0000000618400000, 0x0000000618400000| Untracked 
|  81|0x0000000618800000, 0x0000000618800000, 0x0000000618c00000|  0%| F|  |TAMS 0x0000000618800000, 0x0000000618800000| Untracked 
|  82|0x0000000618c00000, 0x0000000618c00000, 0x0000000619000000|  0%| F|  |TAMS 0x0000000618c00000, 0x0000000618c00000| Untracked 
|  83|0x0000000619000000, 0x0000000619000000, 0x0000000619400000|  0%| F|  |TAMS 0x0000000619000000, 0x0000000619000000| Untracked 
|  84|0x0000000619400000, 0x0000000619400000, 0x0000000619800000|  0%| F|  |TAMS 0x0000000619400000, 0x0000000619400000| Untracked 
|  85|0x0000000619800000, 0x0000000619800000, 0x0000000619c00000|  0%| F|  |TAMS 0x0000000619800000, 0x0000000619800000| Untracked 
|  86|0x0000000619c00000, 0x0000000619c00000, 0x000000061a000000|  0%| F|  |TAMS 0x0000000619c00000, 0x0000000619c00000| Untracked 
|  87|0x000000061a000000, 0x000000061a000000, 0x000000061a400000|  0%| F|  |TAMS 0x000000061a000000, 0x000000061a000000| Untracked 
|  88|0x000000061a400000, 0x000000061a400000, 0x000000061a800000|  0%| F|  |TAMS 0x000000061a400000, 0x000000061a400000| Untracked 
|  89|0x000000061a800000, 0x000000061a800000, 0x000000061ac00000|  0%| F|  |TAMS 0x000000061a800000, 0x000000061a800000| Untracked 
|  90|0x000000061ac00000, 0x000000061ac00000, 0x000000061b000000|  0%| F|  |TAMS 0x000000061ac00000, 0x000000061ac00000| Untracked 
|  91|0x000000061b000000, 0x000000061b000000, 0x000000061b400000|  0%| F|  |TAMS 0x000000061b000000, 0x000000061b000000| Untracked 
|  92|0x000000061b400000, 0x000000061b400000, 0x000000061b800000|  0%| F|  |TAMS 0x000000061b400000, 0x000000061b400000| Untracked 
|  93|0x000000061b800000, 0x000000061b800000, 0x000000061bc00000|  0%| F|  |TAMS 0x000000061b800000, 0x000000061b800000| Untracked 
|  94|0x000000061bc00000, 0x000000061bc00000, 0x000000061c000000|  0%| F|  |TAMS 0x000000061bc00000, 0x000000061bc00000| Untracked 
|  95|0x000000061c000000, 0x000000061c000000, 0x000000061c400000|  0%| F|  |TAMS 0x000000061c000000, 0x000000061c000000| Untracked 
|  96|0x000000061c400000, 0x000000061c400000, 0x000000061c800000|  0%| F|  |TAMS 0x000000061c400000, 0x000000061c400000| Untracked 
|  97|0x000000061c800000, 0x000000061c800000, 0x000000061cc00000|  0%| F|  |TAMS 0x000000061c800000, 0x000000061c800000| Untracked 
|  98|0x000000061cc00000, 0x000000061cc00000, 0x000000061d000000|  0%| F|  |TAMS 0x000000061cc00000, 0x000000061cc00000| Untracked 
|  99|0x000000061d000000, 0x000000061d000000, 0x000000061d400000|  0%| F|  |TAMS 0x000000061d000000, 0x000000061d000000| Untracked 
| 100|0x000000061d400000, 0x000000061d400000, 0x000000061d800000|  0%| F|  |TAMS 0x000000061d400000, 0x000000061d400000| Untracked 
| 101|0x000000061d800000, 0x000000061d800000, 0x000000061dc00000|  0%| F|  |TAMS 0x000000061d800000, 0x000000061d800000| Untracked 
| 102|0x000000061dc00000, 0x000000061dc00000, 0x000000061e000000|  0%| F|  |TAMS 0x000000061dc00000, 0x000000061dc00000| Untracked 
| 103|0x000000061e000000, 0x000000061e000000, 0x000000061e400000|  0%| F|  |TAMS 0x000000061e000000, 0x000000061e000000| Untracked 
| 104|0x000000061e400000, 0x000000061e400000, 0x000000061e800000|  0%| F|  |TAMS 0x000000061e400000, 0x000000061e400000| Untracked 
| 105|0x000000061e800000, 0x000000061e800000, 0x000000061ec00000|  0%| F|  |TAMS 0x000000061e800000, 0x000000061e800000| Untracked 
| 106|0x000000061ec00000, 0x000000061ec00000, 0x000000061f000000|  0%| F|  |TAMS 0x000000061ec00000, 0x000000061ec00000| Untracked 
| 107|0x000000061f000000, 0x000000061f000000, 0x000000061f400000|  0%| F|  |TAMS 0x000000061f000000, 0x000000061f000000| Untracked 
| 108|0x000000061f400000, 0x000000061f400000, 0x000000061f800000|  0%| F|  |TAMS 0x000000061f400000, 0x000000061f400000| Untracked 
| 109|0x000000061f800000, 0x000000061f800000, 0x000000061fc00000|  0%| F|  |TAMS 0x000000061f800000, 0x000000061f800000| Untracked 
| 110|0x000000061fc00000, 0x000000061fc00000, 0x0000000620000000|  0%| F|  |TAMS 0x000000061fc00000, 0x000000061fc00000| Untracked 
| 111|0x0000000620000000, 0x0000000620000000, 0x0000000620400000|  0%| F|  |TAMS 0x0000000620000000, 0x0000000620000000| Untracked 
| 112|0x0000000620400000, 0x0000000620400000, 0x0000000620800000|  0%| F|  |TAMS 0x0000000620400000, 0x0000000620400000| Untracked 
| 113|0x0000000620800000, 0x0000000620800000, 0x0000000620c00000|  0%| F|  |TAMS 0x0000000620800000, 0x0000000620800000| Untracked 
| 114|0x0000000620c00000, 0x0000000620c00000, 0x0000000621000000|  0%| F|  |TAMS 0x0000000620c00000, 0x0000000620c00000| Untracked 
| 115|0x0000000621000000, 0x0000000621000000, 0x0000000621400000|  0%| F|  |TAMS 0x0000000621000000, 0x0000000621000000| Untracked 
| 116|0x0000000621400000, 0x0000000621400000, 0x0000000621800000|  0%| F|  |TAMS 0x0000000621400000, 0x0000000621400000| Untracked 
| 117|0x0000000621800000, 0x0000000621800000, 0x0000000621c00000|  0%| F|  |TAMS 0x0000000621800000, 0x0000000621800000| Untracked 
| 118|0x0000000621c00000, 0x0000000621c00000, 0x0000000622000000|  0%| F|  |TAMS 0x0000000621c00000, 0x0000000621c00000| Untracked 
| 119|0x0000000622000000, 0x0000000622000000, 0x0000000622400000|  0%| F|  |TAMS 0x0000000622000000, 0x0000000622000000| Untracked 
| 120|0x0000000622400000, 0x0000000622400000, 0x0000000622800000|  0%| F|  |TAMS 0x0000000622400000, 0x0000000622400000| Untracked 
| 121|0x0000000622800000, 0x0000000622800000, 0x0000000622c00000|  0%| F|  |TAMS 0x0000000622800000, 0x0000000622800000| Untracked 
| 122|0x0000000622c00000, 0x0000000622c00000, 0x0000000623000000|  0%| F|  |TAMS 0x0000000622c00000, 0x0000000622c00000| Untracked 
| 123|0x0000000623000000, 0x0000000623000000, 0x0000000623400000|  0%| F|  |TAMS 0x0000000623000000, 0x0000000623000000| Untracked 
| 124|0x0000000623400000, 0x0000000623400000, 0x0000000623800000|  0%| F|  |TAMS 0x0000000623400000, 0x0000000623400000| Untracked 
| 125|0x0000000623800000, 0x00000006239af3e8, 0x0000000623c00000| 42%| E|  |TAMS 0x0000000623800000, 0x0000000623800000| Complete 
| 126|0x0000000623c00000, 0x0000000624000000, 0x0000000624000000|100%| E|CS|TAMS 0x0000000623c00000, 0x0000000623c00000| Complete 

Card table byte_map: [0x0000029bc6b70000,0x0000029bc7b50000] _byte_map_base: 0x0000029bc3b4e000

Marking Bits (Prev, Next): (CMBitMap*) 0x0000029bb334f960, (CMBitMap*) 0x0000029bb334f9a0
 Prev Bits: [0x0000029bc8b30000, 0x0000029bd0a20000)
 Next Bits: [0x0000029bd0a20000, 0x0000029bd8910000)

Polling page: 0x0000029bb1260000

Metaspace:

Usage:
  Non-class:      8.22 MB used.
      Class:    783.54 KB used.
       Both:      8.99 MB used.

Virtual space:
  Non-class space:       16.00 MB reserved,       8.31 MB ( 52%) committed,  2 nodes.
      Class space:        1.00 GB reserved,     832.00 KB ( <1%) committed,  1 nodes.
              Both:        1.02 GB reserved,       9.12 MB ( <1%) committed. 

Chunk freelists:
   Non-Class:  3.73 MB
       Class:  3.23 MB
        Both:  6.96 MB

MaxMetaspaceSize: 17179869184.00 GB
CompressedClassSpaceSize: 1.00 GB
 - commit_granule_bytes: 65536.
 - commit_granule_words: 8192.
 - virtual_space_node_default_size: 1048576.
 - enlarge_chunks_in_place: 1.
 - new_chunks_are_fully_committed: 0.
 - uncommit_free_chunks: 1.
 - use_allocation_guard: 0.
 - handle_deallocations: 1.


Internal statistics:

num_allocs_failed_limit: 0.
num_arena_births: 10.
num_arena_deaths: 0.
num_vsnodes_births: 3.
num_vsnodes_deaths: 0.
num_space_committed: 146.
num_space_uncommitted: 0.
num_chunks_returned_to_freelist: 0.
num_chunks_taken_from_freelist: 51.
num_chunk_merges: 0.
num_chunk_splits: 21.
num_chunks_enlarged: 13.
num_purges: 0.

CodeHeap 'non-profiled nmethods': size=120000Kb used=124Kb max_used=124Kb free=119875Kb
 bounds [0x0000029bbe330000, 0x0000029bbe5a0000, 0x0000029bc5860000]
CodeHeap 'profiled nmethods': size=120000Kb used=548Kb max_used=548Kb free=119452Kb
 bounds [0x0000029bb6e00000, 0x0000029bb7070000, 0x0000029bbe330000]
CodeHeap 'non-nmethods': size=5760Kb used=1207Kb max_used=1226Kb free=4552Kb
 bounds [0x0000029bb6860000, 0x0000029bb6ad0000, 0x0000029bb6e00000]
 total_blobs=802 nmethods=399 adapters=316
 compilation: enabled
              stopped_count=0, restarted_count=0
 full_count=0

Compilation events (20 events):
Event: 1072.944 Thread 0x0000029bdbce1ff0  391       3       java.lang.String::rangeCheck (9 bytes)
Event: 1072.944 Thread 0x0000029bdbce1ff0 nmethod 391 0x0000029bb6e86390 code [0x0000029bb6e86540, 0x0000029bb6e86688]
Event: 1101.943 Thread 0x0000029bdbce1ff0  395       3       org.eclipse.jdt.launching.internal.org.objectweb.asm.ClassReader::readUtf (161 bytes)
Event: 1101.943 Thread 0x0000029bdbcd94f0  398       4       org.eclipse.jdt.launching.internal.org.objectweb.asm.ClassReader::readUnsignedShort (26 bytes)
Event: 1101.943 Thread 0x0000029bdbce1ff0 nmethod 395 0x0000029bb6e86790 code [0x0000029bb6e86960, 0x0000029bb6e86e28]
Event: 1101.943 Thread 0x0000029bdbce1ff0  396       3       org.eclipse.jdt.launching.internal.org.objectweb.asm.Symbol::<init> (38 bytes)
Event: 1101.945 Thread 0x0000029bdbcd94f0 

Event: 1101.945 Thread 0x0000029bdbce1ff0 

Event: 1101.945 Thread 0x0000029bdbce1ff0  397       3       org.eclipse.jdt.launching.internal.org.objectweb.asm.SymbolTable::add (39 bytes)
Event: 1101.946 Thread 0x0000029bdbce1ff0 nmethod 397 0x0000029bb6e87110 code [0x0000029bb6e872c0, 0x0000029bb6e87638]
Event: 1101.946 Thread 0x0000029bdbce1ff0  399       3       org.eclipse.jdt.launching.internal.org.objectweb.asm.SymbolTable::hash (10 bytes)
Event: 1101.946 Thread 0x0000029bdbce1ff0 nmethod 399 0x0000029bb6e87790 code [0x0000029bb6e87940, 0x0000029bb6e87a88]
Event: 1101.946 Thread 0x0000029bdbce1ff0  400       3       org.eclipse.jdt.launching.internal.org.objectweb.asm.ClassReader::readUTF8 (23 bytes)
Event: 1101.946 Thread 0x0000029bdbce1ff0 nmethod 400 0x0000029bb6e87b90 code [0x0000029bb6e87d60, 0x0000029bb6e87fb8]
Event: 1183.376 Thread 0x0000029bdbce1ff0  402       3       org.eclipse.jdt.launching.internal.org.objectweb.asm.Symbol::<init> (38 bytes)
Event: 1183.376 Thread 0x0000029bdbce1ff0 nmethod 402 0x0000029bb6e88090 code [0x0000029bb6e88240, 0x0000029bb6e884f8]
Event: 1183.376 Thread 0x0000029bdbce1ff0  401       3       org.eclipse.jdt.launching.internal.org.objectweb.asm.SymbolTable$Entry::<init> (17 bytes)
Event: 1183.376 Thread 0x0000029bdbce1ff0 nmethod 401 0x0000029bb6e88610 code [0x0000029bb6e887c0, 0x0000029bb6e88968]
Event: 1328.943 Thread 0x0000029bdbce1ff0  403       3       org.eclipse.jdt.launching.internal.org.objectweb.asm.SymbolTable::addConstantUtf8 (20 bytes)
Event: 1328.944 Thread 0x0000029bdbce1ff0 nmethod 403 0x0000029bb6e88a10 code [0x0000029bb6e88be0, 0x0000029bb6e88ea8]

GC Heap History (0 events):
No events

Deoptimization events (20 events):
Event: 0.369 Thread 0x0000029bb32db3d0 DEOPT PACKING pc=0x0000029bb6e70467 sp=0x000000eb130f7ef0
Event: 0.369 Thread 0x0000029bb32db3d0 DEOPT UNPACKING pc=0x0000029bb68ae77e sp=0x000000eb130f7358 mode 0
Event: 0.370 Thread 0x0000029bb32db3d0 DEOPT PACKING pc=0x0000029bb6e70467 sp=0x000000eb130f7ef0
Event: 0.370 Thread 0x0000029bb32db3d0 DEOPT UNPACKING pc=0x0000029bb68ae77e sp=0x000000eb130f7358 mode 0
Event: 0.370 Thread 0x0000029bb32db3d0 DEOPT PACKING pc=0x0000029bb6e70467 sp=0x000000eb130f7ef0
Event: 0.370 Thread 0x0000029bb32db3d0 DEOPT UNPACKING pc=0x0000029bb68ae77e sp=0x000000eb130f7358 mode 0
Event: 0.370 Thread 0x0000029bb32db3d0 DEOPT PACKING pc=0x0000029bb6e70467 sp=0x000000eb130f7ef0
Event: 0.370 Thread 0x0000029bb32db3d0 DEOPT UNPACKING pc=0x0000029bb68ae77e sp=0x000000eb130f7358 mode 0
Event: 0.371 Thread 0x0000029bb32db3d0 DEOPT PACKING pc=0x0000029bb6e70467 sp=0x000000eb130f7ef0
Event: 0.371 Thread 0x0000029bb32db3d0 DEOPT UNPACKING pc=0x0000029bb68ae77e sp=0x000000eb130f7358 mode 0
Event: 0.371 Thread 0x0000029bb32db3d0 DEOPT PACKING pc=0x0000029bb6e70467 sp=0x000000eb130f7ef0
Event: 0.371 Thread 0x0000029bb32db3d0 DEOPT UNPACKING pc=0x0000029bb68ae77e sp=0x000000eb130f7358 mode 0
Event: 0.375 Thread 0x0000029bb32db3d0 DEOPT PACKING pc=0x0000029bb6e70467 sp=0x000000eb130fb920
Event: 0.375 Thread 0x0000029bb32db3d0 DEOPT UNPACKING pc=0x0000029bb68ae77e sp=0x000000eb130fad88 mode 0
Event: 0.375 Thread 0x0000029bb32db3d0 DEOPT PACKING pc=0x0000029bb6e70467 sp=0x000000eb130fb920
Event: 0.375 Thread 0x0000029bb32db3d0 DEOPT UNPACKING pc=0x0000029bb68ae77e sp=0x000000eb130fad88 mode 0
Event: 0.378 Thread 0x0000029bb32db3d0 DEOPT PACKING pc=0x0000029bb6e70467 sp=0x000000eb130f7e70
Event: 0.378 Thread 0x0000029bb32db3d0 DEOPT UNPACKING pc=0x0000029bb68ae77e sp=0x000000eb130f72d8 mode 0
Event: 0.379 Thread 0x0000029bb32db3d0 DEOPT PACKING pc=0x0000029bb6e70467 sp=0x000000eb130fb850
Event: 0.379 Thread 0x0000029bb32db3d0 DEOPT UNPACKING pc=0x0000029bb68ae77e sp=0x000000eb130facb8 mode 0

Classes unloaded (0 events):
No events

Classes redefined (5 events):
Event: 205.957 Thread 0x0000029bdbc6b6c0 redefined class name=lab8.ExpressionTree, count=1
Event: 1072.942 Thread 0x0000029bdbc6b6c0 redefined class name=lab8.ExpressionTree, count=2
Event: 1101.944 Thread 0x0000029bdbc6b6c0 redefined class name=lab8.ExpressionTree, count=3
Event: 1183.377 Thread 0x0000029bdbc6b6c0 redefined class name=lab8.ExpressionTree, count=4
Event: 1328.944 Thread 0x0000029bdbc6b6c0 redefined class name=lab8.ExpressionTree, count=5

Internal exceptions (1 events):
Event: 0.342 Thread 0x0000029bb32db3d0 Exception <a 'java/lang/NoSuchMethodError'{0x00000006238ba1f8}: 'java.lang.Object java.lang.invoke.DirectMethodHandle$Holder.invokeStatic(java.lang.Object)'> (0x00000006238ba1f8) 
thrown [t:\workspace\open\src\hotspot\share\interpreter\linkResolver.cpp, line 790]

Events (20 events):
Event: 1101.945 Executing  VM operation: RedefineClasses done
Event: 1101.953 Executing  VM operation: ChangeBreakpoints
Event: 1101.953 Executing  VM operation: ChangeBreakpoints done
Event: 1101.959 Executing  VM operation: ChangeBreakpoints
Event: 1101.959 Executing  VM operation: ChangeBreakpoints done
Event: 1101.964 Executing  VM operation: ChangeBreakpoints
Event: 1101.964 Executing  VM operation: ChangeBreakpoints done
Event: 1101.969 Executing  VM operation: ChangeBreakpoints
Event: 1101.969 Executing  VM operation: ChangeBreakpoints done
Event: 1183.377 Executing  VM operation: RedefineClasses
Event: 1183.378 Executing  VM operation: RedefineClasses done
Event: 1183.383 Executing  VM operation: ChangeBreakpoints
Event: 1183.383 Executing  VM operation: ChangeBreakpoints done
Event: 1183.388 Executing  VM operation: ChangeBreakpoints
Event: 1183.389 Executing  VM operation: ChangeBreakpoints done
Event: 1183.393 Executing  VM operation: ChangeBreakpoints
Event: 1183.393 Executing  VM operation: ChangeBreakpoints done
Event: 1183.397 Executing  VM operation: ChangeBreakpoints
Event: 1183.397 Executing  VM operation: ChangeBreakpoints done
Event: 1328.944 Executing  VM operation: RedefineClasses


Dynamic libraries:
0x00007ff7bd2f0000 - 0x00007ff7bd2fe000 	C:\Users\anubh\.p2\pool\plugins\org.eclipse.justj.openjdk.hotspot.jre.full.win32.x86_64_16.0.2.v20210721-1149\jre\bin\javaw.exe
0x00007ffd82470000 - 0x00007ffd82665000 	C:\Windows\SYSTEM32\ntdll.dll
0x00007ffd813e0000 - 0x00007ffd8149e000 	C:\Windows\System32\KERNEL32.DLL
0x00007ffd80040000 - 0x00007ffd80309000 	C:\Windows\System32\KERNELBASE.dll
0x00007ffd80390000 - 0x00007ffd80490000 	C:\Windows\System32\ucrtbase.dll
0x00007ffd7c1a0000 - 0x00007ffd7c1b9000 	C:\Users\anubh\.p2\pool\plugins\org.eclipse.justj.openjdk.hotspot.jre.full.win32.x86_64_16.0.2.v20210721-1149\jre\bin\VCRUNTIME140.dll
0x00007ffd7c1f0000 - 0x00007ffd7c208000 	C:\Users\anubh\.p2\pool\plugins\org.eclipse.justj.openjdk.hotspot.jre.full.win32.x86_64_16.0.2.v20210721-1149\jre\bin\jli.dll
0x00007ffd821b0000 - 0x00007ffd82351000 	C:\Windows\System32\USER32.dll
0x00007ffd80360000 - 0x00007ffd80382000 	C:\Windows\System32\win32u.dll
0x00007ffd80960000 - 0x00007ffd8098b000 	C:\Windows\System32\GDI32.dll
0x00007ffd5fbd0000 - 0x00007ffd5fe6a000 	C:\Windows\WinSxS\amd64_microsoft.windows.common-controls_6595b64144ccf1df_6.0.19041.1110_none_60b5254171f9507e\COMCTL32.dll
0x00007ffd81a90000 - 0x00007ffd81b2e000 	C:\Windows\System32\msvcrt.dll
0x00007ffd7fca0000 - 0x00007ffd7fdab000 	C:\Windows\System32\gdi32full.dll
0x00007ffd7fe40000 - 0x00007ffd7fedd000 	C:\Windows\System32\msvcp_win.dll
0x00007ffd80990000 - 0x00007ffd809c0000 	C:\Windows\System32\IMM32.DLL
0x00007ffd7c190000 - 0x00007ffd7c19c000 	C:\Users\anubh\.p2\pool\plugins\org.eclipse.justj.openjdk.hotspot.jre.full.win32.x86_64_16.0.2.v20210721-1149\jre\bin\vcruntime140_1.dll
0x00007ffd5a310000 - 0x00007ffd5a3a1000 	C:\Users\anubh\.p2\pool\plugins\org.eclipse.justj.openjdk.hotspot.jre.full.win32.x86_64_16.0.2.v20210721-1149\jre\bin\msvcp140.dll
0x00007ffd29b20000 - 0x00007ffd2a6cb000 	C:\Users\anubh\.p2\pool\plugins\org.eclipse.justj.openjdk.hotspot.jre.full.win32.x86_64_16.0.2.v20210721-1149\jre\bin\server\jvm.dll
0x00007ffd80bf0000 - 0x00007ffd80c9c000 	C:\Windows\System32\ADVAPI32.dll
0x00007ffd82090000 - 0x00007ffd8212b000 	C:\Windows\System32\sechost.dll
0x00007ffd80830000 - 0x00007ffd8095a000 	C:\Windows\System32\RPCRT4.dll
0x00007ffd804c0000 - 0x00007ffd804c8000 	C:\Windows\System32\PSAPI.DLL
0x00007ffd76240000 - 0x00007ffd76249000 	C:\Windows\SYSTEM32\WSOCK32.dll
0x00007ffd709d0000 - 0x00007ffd709da000 	C:\Windows\SYSTEM32\VERSION.dll
0x00007ffd81990000 - 0x00007ffd819fb000 	C:\Windows\System32\WS2_32.dll
0x00007ffd63520000 - 0x00007ffd63547000 	C:\Windows\SYSTEM32\WINMM.dll
0x00007ffd7e3d0000 - 0x00007ffd7e3e2000 	C:\Windows\SYSTEM32\kernel.appcore.dll
0x00007ffd7c1e0000 - 0x00007ffd7c1ea000 	C:\Users\anubh\.p2\pool\plugins\org.eclipse.justj.openjdk.hotspot.jre.full.win32.x86_64_16.0.2.v20210721-1149\jre\bin\jimage.dll
0x00007ffd7e060000 - 0x00007ffd7e244000 	C:\Windows\SYSTEM32\DBGHELP.DLL
0x00007ffd70f70000 - 0x00007ffd70f9c000 	C:\Windows\SYSTEM32\dbgcore.DLL
0x00007ffd7fdb0000 - 0x00007ffd7fe33000 	C:\Windows\System32\bcryptPrimitives.dll
0x00007ffd6b550000 - 0x00007ffd6b58b000 	C:\Users\anubh\.p2\pool\plugins\org.eclipse.justj.openjdk.hotspot.jre.full.win32.x86_64_16.0.2.v20210721-1149\jre\bin\jdwp.dll
0x00007ffd7af20000 - 0x00007ffd7af2e000 	C:\Users\anubh\.p2\pool\plugins\org.eclipse.justj.openjdk.hotspot.jre.full.win32.x86_64_16.0.2.v20210721-1149\jre\bin\instrument.dll
0x00007ffd701c0000 - 0x00007ffd701e5000 	C:\Users\anubh\.p2\pool\plugins\org.eclipse.justj.openjdk.hotspot.jre.full.win32.x86_64_16.0.2.v20210721-1149\jre\bin\java.dll
0x00007ffd7af30000 - 0x00007ffd7af48000 	C:\Users\anubh\.p2\pool\plugins\org.eclipse.justj.openjdk.hotspot.jre.full.win32.x86_64_16.0.2.v20210721-1149\jre\bin\zip.dll
0x00007ffd80ca0000 - 0x00007ffd813df000 	C:\Windows\System32\SHELL32.dll
0x00007ffd7d7c0000 - 0x00007ffd7df50000 	C:\Windows\SYSTEM32\windows.storage.dll
0x00007ffd804d0000 - 0x00007ffd80825000 	C:\Windows\System32\combase.dll
0x00007ffd7f5e0000 - 0x00007ffd7f60c000 	C:\Windows\SYSTEM32\Wldp.dll
0x00007ffd82380000 - 0x00007ffd8242d000 	C:\Windows\System32\SHCORE.dll
0x00007ffd81650000 - 0x00007ffd816a5000 	C:\Windows\System32\shlwapi.dll
0x00007ffd7fad0000 - 0x00007ffd7faef000 	C:\Windows\SYSTEM32\profapi.dll
0x00007ffd793e0000 - 0x00007ffd793ec000 	C:\Users\anubh\.p2\pool\plugins\org.eclipse.justj.openjdk.hotspot.jre.full.win32.x86_64_16.0.2.v20210721-1149\jre\bin\dt_socket.dll
0x00007ffd7efc0000 - 0x00007ffd7effb000 	C:\Windows\SYSTEM32\IPHLPAPI.DLL
0x00007ffd7f340000 - 0x00007ffd7f3aa000 	C:\Windows\system32\mswsock.dll
0x00007ffd7f000000 - 0x00007ffd7f0cc000 	C:\Windows\SYSTEM32\DNSAPI.dll
0x00007ffd818c0000 - 0x00007ffd818c8000 	C:\Windows\System32\NSI.dll
0x00007ffd77550000 - 0x00007ffd7755a000 	C:\Windows\System32\rasadhlp.dll
0x00007ffd70a50000 - 0x00007ffd70acf000 	C:\Windows\System32\fwpuclnt.dll
0x00007ffd80490000 - 0x00007ffd804b7000 	C:\Windows\System32\bcrypt.dll
0x00007ffd77880000 - 0x00007ffd77899000 	C:\Users\anubh\.p2\pool\plugins\org.eclipse.justj.openjdk.hotspot.jre.full.win32.x86_64_16.0.2.v20210721-1149\jre\bin\net.dll
0x00007ffd7a2f0000 - 0x00007ffd7a3f8000 	C:\Windows\SYSTEM32\WINHTTP.dll
0x00007ffd6b610000 - 0x00007ffd6b623000 	C:\Users\anubh\.p2\pool\plugins\org.eclipse.justj.openjdk.hotspot.jre.full.win32.x86_64_16.0.2.v20210721-1149\jre\bin\nio.dll
0x00007ffd79150000 - 0x00007ffd79160000 	C:\Users\anubh\.p2\pool\plugins\org.eclipse.justj.openjdk.hotspot.jre.full.win32.x86_64_16.0.2.v20210721-1149\jre\bin\verify.dll

dbghelp: loaded successfully - version: 4.0.5 - missing functions: none
symbol engine: initialized successfully - sym options: 0x614 - pdb path: .;C:\Users\anubh\.p2\pool\plugins\org.eclipse.justj.openjdk.hotspot.jre.full.win32.x86_64_16.0.2.v20210721-1149\jre\bin;C:\Windows\SYSTEM32;C:\Windows\WinSxS\amd64_microsoft.windows.common-controls_6595b64144ccf1df_6.0.19041.1110_none_60b5254171f9507e;C:\Users\anubh\.p2\pool\plugins\org.eclipse.justj.openjdk.hotspot.jre.full.win32.x86_64_16.0.2.v20210721-1149\jre\bin\server

VM Arguments:
jvm_args: -XX:+ShowCodeDetailsInExceptionMessages -agentlib:jdwp=transport=dt_socket,suspend=y,address=localhost:52128 -javaagent:C:\Users\anubh\eclipse\java-2021-06\eclipse\configuration\org.eclipse.osgi\222\0\.cp\lib\javaagent-shaded.jar -Dfile.encoding=Cp1252 
java_command: lab8.ExpressionTree
java_class_path (initial): C:\Users\anubh\eclipse-workspace\CIS360Lab8\bin
Launcher Type: SUN_STANDARD

[Global flags]
     intx CICompilerCount                          = 4                                         {product} {ergonomic}
     uint ConcGCThreads                            = 2                                         {product} {ergonomic}
     uint G1ConcRefinementThreads                  = 8                                         {product} {ergonomic}
   size_t G1HeapRegionSize                         = 4194304                                   {product} {ergonomic}
    uintx GCDrainStackTargetSize                   = 64                                        {product} {ergonomic}
   size_t InitialHeapSize                          = 532676608                                 {product} {ergonomic}
   size_t MarkStackSize                            = 4194304                                   {product} {ergonomic}
   size_t MaxHeapSize                              = 8518631424                                {product} {ergonomic}
   size_t MaxNewSize                               = 5108662272                                {product} {ergonomic}
   size_t MinHeapDeltaBytes                        = 4194304                                   {product} {ergonomic}
   size_t MinHeapSize                              = 8388608                                   {product} {ergonomic}
    uintx NonNMethodCodeHeapSize                   = 5839372                                {pd product} {ergonomic}
    uintx NonProfiledCodeHeapSize                  = 122909434                              {pd product} {ergonomic}
    uintx ProfiledCodeHeapSize                     = 122909434                              {pd product} {ergonomic}
    uintx ReservedCodeCacheSize                    = 251658240                              {pd product} {ergonomic}
     bool SegmentedCodeCache                       = true                                      {product} {ergonomic}
     bool ShowCodeDetailsInExceptionMessages       = true                                   {manageable} {command line}
   size_t SoftMaxHeapSize                          = 8518631424                             {manageable} {ergonomic}
     bool UseCompressedClassPointers               = true                           {product lp64_product} {ergonomic}
     bool UseCompressedOops                        = true                           {product lp64_product} {ergonomic}
     bool UseG1GC                                  = true                                      {product} {ergonomic}
     bool UseLargePagesIndividualAllocation        = false                                  {pd product} {ergonomic}

Logging:
Log output configuration:
 #0: stdout all=warning uptime,level,tags
 #1: stderr all=off uptime,level,tags

Environment Variables:
CLASSPATH=C:\Users\anubh\Desktop\Course Requisites\CIS 181\Week 2\Lab2\
PATH=C:\Users\anubh\.p2\pool\plugins\org.eclipse.justj.openjdk.hotspot.jre.full.win32.x86_64_16.0.2.v20210721-1149\jre\bin;C:/Users/anubh/.p2/pool/plugins/org.eclipse.justj.openjdk.hotspot.jre.full.win32.x86_64_16.0.2.v20210721-1149/jre/bin/server;C:/Users/anubh/.p2/pool/plugins/org.eclipse.justj.openjdk.hotspot.jre.full.win32.x86_64_16.0.2.v20210721-1149/jre/bin;C:\Python310\Scripts\;C:\Python310\;C:\Program Files\Common Files\Oracle\Java\javapath;C:\Program Files (x86)\Common Files\Oracle\Java\javapath;C:\Program Files\Eclipse Foundation\jdk-11.0.12.7-hotspot\bin;C:\Windows\system32;C:\Windows;C:\Windows\System32\Wbem;C:\Windows\System32\WindowsPowerShell\v1.0\;C:\Windows\System32\OpenSSH\;C:\Program Files\Git\cmd;C:\Program Files\nodejs\;C:\ProgramData\chocolatey\bin;;C:\Program Files\Docker\Docker\resources\bin;C:\ProgramData\DockerDesktop\version-bin;C:\Users\anubh\AppData\Local\Microsoft\WindowsApps;C:\Users\anubh\AppData\Local\GitHubDesktop\bin;C:\Users\anubh\AppData\Local\Programs\Microsoft VS Code\bin;C:\Users\anubh\PyCharm Community Edition 2021.2.1\bin;;C:\Program Files\Java\jdk-11.0.12\bin;C:\Users\anubh\AppData\Roaming\npm;C:\Users\anubh\eclipse\java-2021-06\eclipse;
USERNAME=anubh
OS=Windows_NT
PROCESSOR_IDENTIFIER=Intel64 Family 6 Model 140 Stepping 1, GenuineIntel



---------------  S Y S T E M  ---------------

OS:
 Windows 10 , 64 bit Build 19041 (10.0.19041.1202)
OS uptime: 10 days 22:53 hours
Hyper-V role detected

CPU: total 8 (initial active 8) (4 cores per cpu, 2 threads per core) family 6 model 140 stepping 1 microcode 0x86, cx8, cmov, fxsr, ht, mmx, 3dnowpref, sse, sse2, sse3, ssse3, sse4.1, sse4.2, popcnt, lzcnt, tsc, tscinvbit, avx, avx2, aes, erms, clmul, bmi1, bmi2, adx, avx512f, avx512dq, avx512cd, avx512bw, avx512vl, sha, fma, vzeroupper, avx512_vpopcntdq, avx512_vpclmulqdq, avx512_vaes, avx512_vnni, clflush, clflushopt, clwb, avx512_vmbi2, avx512_vmbi, hv

Memory: 4k page, system-wide physical 32490M (15652M free)
TotalPageFile size 38384M (AvailPageFile size 4942M)
current process WorkingSet (physical memory assigned to process): 46M, peak: 47M
current process commit charge ("private bytes"): 606M, peak: 608M

vm_info: OpenJDK 64-Bit Server VM (16.0.2+7-67) for windows-amd64 JRE (16.0.2+7-67), built on Jun  8 2021 23:21:43 by "mach5one" with MS VC++ 16.7 (VS2019)

END.
